<?xml version="1.0" encoding="UTF-8"?>
<!-- Generated by org.testng.reporters.JUnitReportReporter -->
<testsuite hostname="shwetamahajan" failures="0" tests="1" name="com.datadriven.tests.ParameterTest" time="45.327" errors="0" timestamp="11 Mar 2020 07:39:46 GMT" skipped="0">
  <testcase classname="com.datadriven.tests.ParameterTest" name="loginTest" time="45.327"/>
</testsuite> <!-- com.datadriven.tests.ParameterTest -->
