<?xml version="1.0" encoding="UTF-8"?>
<!-- Generated by org.testng.reporters.JUnitReportReporter -->
<testsuite hostname="shwetamahajan" failures="0" tests="4" name="com.datadriven.tests.FacebookTest" time="113.209" errors="0" timestamp="11 Mar 2020 05:55:01 GMT" skipped="0">
  <testcase classname="com.datadriven.tests.FacebookTest" name="fbRegiPageTest" time="29.224"/>
  <testcase classname="com.datadriven.tests.FacebookTest" name="fbRegiPageTest" time="24.575"/>
  <testcase classname="com.datadriven.tests.FacebookTest" name="fbRegiPageTest" time="27.966"/>
  <testcase classname="com.datadriven.tests.FacebookTest" name="fbRegiPageTest" time="31.444"/>
</testsuite> <!-- com.datadriven.tests.FacebookTest -->
